<?xml version="1.0" encoding="UTF-8"?>
<testng-results ignored="0" total="3" passed="2" failed="1" skipped="0">
  <reporter-output>
  </reporter-output>
  <suite started-at="2019-12-29T16:57:33 CET" name="Default suite" finished-at="2019-12-29T16:57:48 CET" duration-ms="15360">
    <groups>
    </groups>
    <test started-at="2019-12-29T16:57:33 CET" name="Default test" finished-at="2019-12-29T16:57:48 CET" duration-ms="15360">
      <class name="test.topFilmaffinityPOM">
        <test-method is-config="true" signature="setUp()[pri:0, instance:test.topFilmaffinityPOM@5d740a0f]" started-at="2019-12-29T16:57:33 CET" name="setUp" finished-at="2019-12-29T16:57:35 CET" duration-ms="1557" status="PASS">
          <reporter-output>
          </reporter-output>
        </test-method> <!-- setUp -->
        <test-method signature="loginTest(java.lang.String, java.lang.String, java.lang.String, java.lang.String)[pri:0, instance:test.topFilmaffinityPOM@5d740a0f]" started-at="2019-12-29T16:57:35 CET" name="loginTest" data-provider="gatDataCSV" finished-at="2019-12-29T16:57:39 CET" duration-ms="4165" status="PASS">
          <params>
            <param index="0">
              <value>
                <![CDATA[1]]>
              </value>
            </param>
            <param index="1">
              <value>
                <![CDATA[El padrino]]>
              </value>
            </param>
            <param index="2">
              <value>
                <![CDATA[Francis Ford Coppola]]>
              </value>
            </param>
            <param index="3">
              <value>
                <![CDATA[9.0]]>
              </value>
            </param>
          </params>
          <reporter-output>
          </reporter-output>
        </test-method> <!-- loginTest -->
        <test-method is-config="true" signature="tearDown()[pri:0, instance:test.topFilmaffinityPOM@5d740a0f]" started-at="2019-12-29T16:57:39 CET" name="tearDown" finished-at="2019-12-29T16:57:39 CET" duration-ms="76" status="PASS">
          <reporter-output>
          </reporter-output>
        </test-method> <!-- tearDown -->
        <test-method is-config="true" signature="setUp()[pri:0, instance:test.topFilmaffinityPOM@5d740a0f]" started-at="2019-12-29T16:57:39 CET" name="setUp" finished-at="2019-12-29T16:57:39 CET" duration-ms="467" status="PASS">
          <reporter-output>
          </reporter-output>
        </test-method> <!-- setUp -->
        <test-method signature="loginTest(java.lang.String, java.lang.String, java.lang.String, java.lang.String)[pri:0, instance:test.topFilmaffinityPOM@5d740a0f]" started-at="2019-12-29T16:57:39 CET" name="loginTest" data-provider="gatDataCSV" finished-at="2019-12-29T16:57:44 CET" duration-ms="5108" status="PASS">
          <params>
            <param index="0">
              <value>
                <![CDATA[2]]>
              </value>
            </param>
            <param index="1">
              <value>
                <![CDATA[El padrino. Parte II]]>
              </value>
            </param>
            <param index="2">
              <value>
                <![CDATA[Francis Ford Coppola]]>
              </value>
            </param>
            <param index="3">
              <value>
                <![CDATA[8.9]]>
              </value>
            </param>
          </params>
          <reporter-output>
          </reporter-output>
        </test-method> <!-- loginTest -->
        <test-method is-config="true" signature="tearDown()[pri:0, instance:test.topFilmaffinityPOM@5d740a0f]" started-at="2019-12-29T16:57:44 CET" name="tearDown" finished-at="2019-12-29T16:57:44 CET" duration-ms="79" status="PASS">
          <reporter-output>
          </reporter-output>
        </test-method> <!-- tearDown -->
        <test-method is-config="true" signature="setUp()[pri:0, instance:test.topFilmaffinityPOM@5d740a0f]" started-at="2019-12-29T16:57:44 CET" name="setUp" finished-at="2019-12-29T16:57:45 CET" duration-ms="453" status="PASS">
          <reporter-output>
          </reporter-output>
        </test-method> <!-- setUp -->
        <test-method signature="loginTest(java.lang.String, java.lang.String, java.lang.String, java.lang.String)[pri:0, instance:test.topFilmaffinityPOM@5d740a0f]" started-at="2019-12-29T16:57:45 CET" name="loginTest" data-provider="gatDataCSV" finished-at="2019-12-29T16:57:48 CET" duration-ms="3321" status="FAIL">
          <params>
            <param index="0">
              <value>
                <![CDATA[3]]>
              </value>
            </param>
            <param index="1">
              <value>
                <![CDATA[Breaking Bad]]>
              </value>
            </param>
            <param index="2">
              <value>
                <![CDATA[Vince Gilligan]]>
              </value>
            </param>
            <param index="3">
              <value>
                <![CDATA[8.8]]>
              </value>
            </param>
          </params>
          <exception class="java.lang.AssertionError">
            <message>
              <![CDATA[did not expect to find [true] but found [false]]]>
            </message>
            <full-stacktrace>
              <![CDATA[java.lang.AssertionError: did not expect to find [true] but found [false]
at org.testng.Assert.fail(Assert.java:97)
at org.testng.Assert.failNotEquals(Assert.java:969)
at org.testng.Assert.assertTrue(Assert.java:43)
at org.testng.Assert.assertTrue(Assert.java:53)
at test.topFilmaffinityPOM.loginTest(topFilmaffinityPOM.java:39)
at java.base/jdk.internal.reflect.NativeMethodAccessorImpl.invoke0(Native Method)
at java.base/jdk.internal.reflect.NativeMethodAccessorImpl.invoke(NativeMethodAccessorImpl.java:62)
at java.base/jdk.internal.reflect.DelegatingMethodAccessorImpl.invoke(DelegatingMethodAccessorImpl.java:43)
at java.base/java.lang.reflect.Method.invoke(Method.java:566)
at org.testng.internal.MethodInvocationHelper.invokeMethod(MethodInvocationHelper.java:133)
at org.testng.internal.TestInvoker.invokeMethod(TestInvoker.java:584)
at org.testng.internal.TestInvoker.invokeTestMethod(TestInvoker.java:172)
at org.testng.internal.MethodRunner.runInSequence(MethodRunner.java:46)
at org.testng.internal.TestInvoker$MethodInvocationAgent.invoke(TestInvoker.java:804)
at org.testng.internal.TestInvoker.invokeTestMethods(TestInvoker.java:145)
at org.testng.internal.TestMethodWorker.invokeTestMethods(TestMethodWorker.java:146)
at org.testng.internal.TestMethodWorker.run(TestMethodWorker.java:128)
at java.base/java.util.ArrayList.forEach(ArrayList.java:1540)
at org.testng.TestRunner.privateRun(TestRunner.java:770)
at org.testng.TestRunner.run(TestRunner.java:591)
at org.testng.SuiteRunner.runTest(SuiteRunner.java:402)
at org.testng.SuiteRunner.runSequentially(SuiteRunner.java:396)
at org.testng.SuiteRunner.privateRun(SuiteRunner.java:355)
at org.testng.SuiteRunner.run(SuiteRunner.java:304)
at org.testng.SuiteRunnerWorker.runSuite(SuiteRunnerWorker.java:53)
at org.testng.SuiteRunnerWorker.run(SuiteRunnerWorker.java:96)
at org.testng.TestNG.runSuitesSequentially(TestNG.java:1180)
at org.testng.TestNG.runSuitesLocally(TestNG.java:1102)
at org.testng.TestNG.runSuites(TestNG.java:1032)
at org.testng.TestNG.run(TestNG.java:1000)
at org.testng.remote.AbstractRemoteTestNG.run(AbstractRemoteTestNG.java:115)
at org.testng.remote.RemoteTestNG.initAndRun(RemoteTestNG.java:251)
at org.testng.remote.RemoteTestNG.main(RemoteTestNG.java:77)
]]>
            </full-stacktrace>
          </exception> <!-- java.lang.AssertionError -->
          <reporter-output>
          </reporter-output>
        </test-method> <!-- loginTest -->
        <test-method is-config="true" signature="tearDown()[pri:0, instance:test.topFilmaffinityPOM@5d740a0f]" started-at="2019-12-29T16:57:48 CET" name="tearDown" finished-at="2019-12-29T16:57:48 CET" duration-ms="79" status="PASS">
          <reporter-output>
          </reporter-output>
        </test-method> <!-- tearDown -->
      </class> <!-- test.topFilmaffinityPOM -->
    </test> <!-- Default test -->
  </suite> <!-- Default suite -->
</testng-results>
